<?xml version="1.0" encoding="UTF-8"?>
<testng-results skipped="0" failed="0" total="1" passed="1">
  <reporter-output>
  </reporter-output>
  <suite name="Surefire suite" duration-ms="381" started-at="2015-07-14T10:25:51Z" finished-at="2015-07-14T10:25:51Z">
    <groups>
    </groups>
    <test name="Surefire test" duration-ms="381" started-at="2015-07-14T10:25:51Z" finished-at="2015-07-14T10:25:51Z">
      <class name="com.spring.javabrains.TestBaseClass">
        <test-method status="PASS" signature="springTestContextBeforeTestClass()[pri:0, instance:com.spring.javabrains.TestBaseClass@3a82f6ef]" name="springTestContextBeforeTestClass" is-config="true" duration-ms="10" started-at="2015-07-14T15:55:51Z" finished-at="2015-07-14T15:55:51Z">
          <reporter-output>
          </reporter-output>
        </test-method> <!-- springTestContextBeforeTestClass -->
        <test-method status="PASS" signature="springTestContextPrepareTestInstance()[pri:0, instance:com.spring.javabrains.TestBaseClass@3a82f6ef]" name="springTestContextPrepareTestInstance" is-config="true" duration-ms="361" started-at="2015-07-14T15:55:51Z" depends-on-methods="org.springframework.test.context.testng.AbstractTestNGSpringContextTests.springTestContextBeforeTestClass" finished-at="2015-07-14T15:55:51Z">
          <reporter-output>
          </reporter-output>
        </test-method> <!-- springTestContextPrepareTestInstance -->
        <test-method status="PASS" signature="springTestContextAfterTestClass()[pri:0, instance:com.spring.javabrains.TestBaseClass@3a82f6ef]" name="springTestContextAfterTestClass" is-config="true" duration-ms="0" started-at="2015-07-14T15:55:51Z" finished-at="2015-07-14T15:55:51Z">
          <reporter-output>
          </reporter-output>
        </test-method> <!-- springTestContextAfterTestClass -->
        <test-method status="PASS" signature="testgetEnvDetails()[pri:0, instance:com.spring.javabrains.TestBaseClass@3a82f6ef]" name="testgetEnvDetails" duration-ms="0" started-at="2015-07-14T15:55:51Z" finished-at="2015-07-14T15:55:51Z">
          <reporter-output>
          </reporter-output>
        </test-method> <!-- testgetEnvDetails -->
        <test-method status="PASS" signature="springTestContextAfterTestMethod(java.lang.reflect.Method)[pri:0, instance:com.spring.javabrains.TestBaseClass@3a82f6ef]" name="springTestContextAfterTestMethod" is-config="true" duration-ms="0" started-at="2015-07-14T15:55:51Z" finished-at="2015-07-14T15:55:51Z">
          <params>
            <param index="0">
              <value>
                <![CDATA[public void com.spring.javabrains.TestBaseClass.testgetEnvDetails()]]>
              </value>
            </param>
          </params>
          <reporter-output>
          </reporter-output>
        </test-method> <!-- springTestContextAfterTestMethod -->
        <test-method status="PASS" signature="springTestContextBeforeTestMethod(java.lang.reflect.Method)[pri:0, instance:com.spring.javabrains.TestBaseClass@3a82f6ef]" name="springTestContextBeforeTestMethod" is-config="true" duration-ms="0" started-at="2015-07-14T15:55:51Z" finished-at="2015-07-14T15:55:51Z">
          <params>
            <param index="0">
              <value>
                <![CDATA[public void com.spring.javabrains.TestBaseClass.testgetEnvDetails()]]>
              </value>
            </param>
          </params>
          <reporter-output>
          </reporter-output>
        </test-method> <!-- springTestContextBeforeTestMethod -->
      </class> <!-- com.spring.javabrains.TestBaseClass -->
    </test> <!-- Surefire test -->
  </suite> <!-- Surefire suite -->
</testng-results>
